<?xml version="1.0" encoding="UTF-8"?>
<!-- Generated by org.testng.reporters.JUnitXMLReporter -->
<testsuite ignored="0" hostname="Annam" failures="0" tests="3" name="Test1" time="13.144" errors="0" timestamp="2024-10-03T13:32:36 IST">
  <testcase classname="com.test.VerifyLoginPage" name="VerifyLoginPage" time="0.0">
    <skipped/>
  </testcase> <!-- VerifyLoginPage -->
  <testcase classname="com.test.VerifyLoginPage" name="test2" time="0.001">
    <skipped/>
  </testcase> <!-- test2 -->
  <testcase classname="com.test.VerifyLoginPage" name="test3" time="0.0">
    <skipped/>
  </testcase> <!-- test3 -->
</testsuite> <!-- Test1 -->
