<?xml version="1.0" encoding="UTF-8"?>
<!-- Generated by org.testng.reporters.JUnitXMLReporter -->
<testsuite ignored="3" hostname="Annam" failures="0" tests="3" name="Default test" time="0.099" errors="0" timestamp="2024-10-01T23:13:59 IST">
  <testcase classname="com.Utility.BaseClass" name="@BeforeTest browserLaunch" time="-1.727804638991E9">
    <failure type="org.testng.TestNGException" message="
Parameter &amp;apos;Browser&amp;apos; is required by BeforeTest on method browserLaunch but has not been marked @Optional or defined
in C:\Users\sures\AppData\Local\Temp\testng-eclipse-2134625272\testng-customsuite.xml">
      <![CDATA[org.testng.TestNGException: 
Parameter 'Browser' is required by BeforeTest on method browserLaunch but has not been marked @Optional or defined
in C:\Users\sures\AppData\Local\Temp\testng-eclipse-2134625272\testng-customsuite.xml
at org.testng.internal.Parameters.createParams(Parameters.java:267)
at org.testng.internal.Parameters.createParametersForMethod(Parameters.java:355)
at org.testng.internal.Parameters.createParameters(Parameters.java:684)
at org.testng.internal.Parameters.createConfigurationParameters(Parameters.java:166)
at org.testng.internal.invokers.ConfigInvoker.invokeConfigurations(ConfigInvoker.java:277)
at org.testng.TestRunner.invokeTestConfigurations(TestRunner.java:644)
at org.testng.TestRunner.beforeRun(TestRunner.java:633)
at org.testng.TestRunner.run(TestRunner.java:595)
at org.testng.SuiteRunner.runTest(SuiteRunner.java:437)
at org.testng.SuiteRunner.runSequentially(SuiteRunner.java:431)
at org.testng.SuiteRunner.privateRun(SuiteRunner.java:391)
at org.testng.SuiteRunner.run(SuiteRunner.java:330)
at org.testng.SuiteRunnerWorker.runSuite(SuiteRunnerWorker.java:52)
at org.testng.SuiteRunnerWorker.run(SuiteRunnerWorker.java:95)
at org.testng.TestNG.runSuitesSequentially(TestNG.java:1256)
at org.testng.TestNG.runSuitesLocally(TestNG.java:1176)
at org.testng.TestNG.runSuites(TestNG.java:1099)
at org.testng.TestNG.run(TestNG.java:1067)
at org.testng.remote.AbstractRemoteTestNG.run(AbstractRemoteTestNG.java:115)
at org.testng.remote.RemoteTestNG.initAndRun(RemoteTestNG.java:293)
at org.testng.remote.RemoteTestNG.main(RemoteTestNG.java:91)
]]>
    </failure>
  </testcase> <!-- @BeforeTest browserLaunch -->
  <testcase classname="com.Utility.BaseClass" name="@AfterMethod FiledScreenshot" time="0.0">
    <skipped/>
  </testcase> <!-- @AfterMethod FiledScreenshot -->
  <testcase classname="com.Utility.BaseClass" name="@AfterMethod FiledScreenshot" time="0.0">
    <skipped/>
  </testcase> <!-- @AfterMethod FiledScreenshot -->
  <testcase classname="com.Utility.BaseClass" name="@AfterMethod FiledScreenshot" time="0.0">
    <skipped/>
  </testcase> <!-- @AfterMethod FiledScreenshot -->
  <testcase classname="com.test.VerifyLoginPage" name="VerifyLoginPage" time="0.0">
    <skipped/>
  </testcase> <!-- VerifyLoginPage -->
  <testcase classname="com.test.VerifyLoginPage" name="test2" time="0.0">
    <skipped/>
  </testcase> <!-- test2 -->
  <testcase classname="com.test.VerifyLoginPage" name="test3" time="0.0">
    <skipped/>
  </testcase> <!-- test3 -->
  <testcase classname="com.Utility.BaseClass" name="@BeforeTest browserLaunch" time="0.0">
    <ignored/>
  </testcase> <!-- @BeforeTest browserLaunch -->
  <testcase classname="com.Utility.BaseClass" name="@BeforeTest browserLaunch" time="0.0">
    <ignored/>
  </testcase> <!-- @BeforeTest browserLaunch -->
  <testcase classname="com.Utility.BaseClass" name="@BeforeTest browserLaunch" time="0.0">
    <ignored/>
  </testcase> <!-- @BeforeTest browserLaunch -->
</testsuite> <!-- Default test -->
